  projectForward_LineDriven.cpp
D:\CPP\FBP_recon\FBP_recon\projectForward_LineDriven.cpp(102,31): warning C4244: “=”: 从“float”转换到“size_t”，可能丢失数据
D:\CPP\FBP_recon\FBP_recon\projectForward_LineDriven.cpp(103,31): warning C4244: “=”: 从“float”转换到“size_t”，可能丢失数据
D:\CPP\FBP_recon\FBP_recon\projectForward_LineDriven.cpp(143,12): warning C4244: “初始化”: 从“const size_t”转换到“float”，可能丢失数据
D:\CPP\FBP_recon\FBP_recon\projectForward_LineDriven.cpp(144,12): warning C4244: “初始化”: 从“const size_t”转换到“float”，可能丢失数据
D:\CPP\FBP_recon\FBP_recon\projectForward_LineDriven.cpp(149,16): warning C4244: “初始化”: 从“const size_t”转换到“float”，可能丢失数据
D:\CPP\FBP_recon\FBP_recon\projectForward_LineDriven.cpp(162,15): warning C4244: “初始化”: 从“double”转换到“float”，可能丢失数据
D:\CPP\FBP_recon\FBP_recon\projectForward_LineDriven.cpp(164,56): warning C4244: “参数”: 从“double”转换到“float”，可能丢失数据
D:\CPP\FBP_recon\FBP_recon\projectForward_LineDriven.cpp(164,25): warning C4244: “参数”: 从“double”转换到“float”，可能丢失数据
D:\CPP\FBP_recon\FBP_recon\projectForward_LineDriven.cpp(172,14): warning C4244: “初始化”: 从“double”转换到“float”，可能丢失数据
D:\CPP\FBP_recon\FBP_recon\projectForward_LineDriven.cpp(177,49): warning C4244: “参数”: 从“size_t”转换到“float”，可能丢失数据
D:\CPP\FBP_recon\FBP_recon\projectForward_LineDriven.cpp(178,49): warning C4244: “参数”: 从“size_t”转换到“float”，可能丢失数据
D:\CPP\FBP_recon\FBP_recon\projectForward_LineDriven.cpp(179,32): warning C4244: “参数”: 从“float”转换到“const unsigned __int64”，可能丢失数据
D:\CPP\FBP_recon\FBP_recon\projectForward_LineDriven.cpp(222,12): warning C4244: “初始化”: 从“const size_t”转换到“float”，可能丢失数据
D:\CPP\FBP_recon\FBP_recon\projectForward_LineDriven.cpp(223,12): warning C4244: “初始化”: 从“const size_t”转换到“float”，可能丢失数据
D:\CPP\FBP_recon\FBP_recon\projectForward_LineDriven.cpp(228,16): warning C4244: “初始化”: 从“const size_t”转换到“float”，可能丢失数据
D:\CPP\FBP_recon\FBP_recon\projectForward_LineDriven.cpp(241,15): warning C4244: “初始化”: 从“double”转换到“float”，可能丢失数据
D:\CPP\FBP_recon\FBP_recon\projectForward_LineDriven.cpp(243,56): warning C4244: “参数”: 从“double”转换到“float”，可能丢失数据
D:\CPP\FBP_recon\FBP_recon\projectForward_LineDriven.cpp(243,25): warning C4244: “参数”: 从“double”转换到“float”，可能丢失数据
D:\CPP\FBP_recon\FBP_recon\projectForward_LineDriven.cpp(251,14): warning C4244: “初始化”: 从“double”转换到“float”，可能丢失数据
D:\CPP\FBP_recon\FBP_recon\projectForward_LineDriven.cpp(256,49): warning C4244: “参数”: 从“size_t”转换到“float”，可能丢失数据
D:\CPP\FBP_recon\FBP_recon\projectForward_LineDriven.cpp(257,49): warning C4244: “参数”: 从“size_t”转换到“float”，可能丢失数据
D:\CPP\FBP_recon\FBP_recon\projectForward_LineDriven.cpp(258,32): warning C4244: “参数”: 从“float”转换到“const unsigned __int64”，可能丢失数据
D:\CPP\FBP_recon\FBP_recon\projectForward_LineDriven.cpp(322,25): warning C4305: “=”: 从“double”到“float”截断
D:\CPP\FBP_recon\FBP_recon\projectForward_LineDriven.cpp(323,25): warning C4305: “=”: 从“double”到“float”截断
D:\CPP\FBP_recon\FBP_recon\projectForward_LineDriven.cpp(326,22): warning C4305: “=”: 从“double”到“float”截断
D:\CPP\FBP_recon\FBP_recon\projectForward_LineDriven.cpp(327,22): warning C4305: “=”: 从“double”到“float”截断
D:\CPP\FBP_recon\FBP_recon\projectForward_LineDriven.cpp(333,25): warning C4305: “=”: 从“double”到“float”截断
  FBP_recon.vcxproj -> D:\CPP\FBP_recon\x64\Debug\FBP_recon.exe
